# JRE version: OpenJDK Runtime Environment (7.0_95) (build 1.7.0_95-b00)
# Java VM: OpenJDK 64-Bit Server VM (24.95-b01 mixed mode linux-amd64 compressed oops)
Heap
 PSYoungGen      total 647168K, used 84811K [0x00000007d5500000, 0x00000007fff80000, 0x0000000800000000)
  eden space 596992K, 8% used [0x00000007d5500000,0x00000007d880b380,0x00000007f9c00000)
  from space 50176K, 64% used [0x00000007fcd80000,0x00000007fed47880,0x00000007ffe80000)
  to   space 50688K, 0% used [0x00000007f9c00000,0x00000007f9c00000,0x00000007fcd80000)
 ParOldGen       total 349696K, used 230916K [0x0000000780000000, 0x0000000795580000, 0x00000007d5500000)
  object space 349696K, 66% used [0x0000000780000000,0x000000078e1813d0,0x0000000795580000)
 PSPermGen       total 85504K, used 85104K [0x0000000770000000, 0x0000000775380000, 0x0000000780000000)
  object space 85504K, 99% used [0x0000000770000000,0x000000077531c210,0x0000000775380000)
GC Heap History (10 events):
Event: 433.853 GC heap before
{Heap before GC invocations=22 (full 0):
 PSYoungGen      total 543232K, used 505226K [0x00000007d5500000, 0x0000000800000000, 0x0000000800000000)
  eden space 488448K, 100% used [0x00000007d5500000,0x00000007f3200000,0x00000007f3200000)
  from space 54784K, 30% used [0x00000007f3200000,0x00000007f4262ae8,0x00000007f6780000)
  to   space 53248K, 0% used [0x00000007fcc00000,0x00000007fcc00000,0x0000000800000000)
 ParOldGen       total 349696K, used 194231K [0x0000000780000000, 0x0000000795580000, 0x00000007d5500000)
  object space 349696K, 55% used [0x0000000780000000,0x000000078bdadc50,0x0000000795580000)
 PSPermGen       total 81408K, used 81407K [0x0000000770000000, 0x0000000774f80000, 0x0000000780000000)
  object space 81408K, 99% used [0x0000000770000000,0x0000000774f7ff18,0x0000000774f80000)
Event: 433.886 GC heap after
Heap after GC invocations=22 (full 0):
 PSYoungGen      total 640000K, used 40695K [0x00000007d5500000, 0x0000000800000000, 0x0000000800000000)
  eden space 586752K, 0% used [0x00000007d5500000,0x00000007d5500000,0x00000007f9200000)
  from space 53248K, 76% used [0x00000007fcc00000,0x00000007ff3bddc8,0x0000000800000000)
  to   space 56320K, 0% used [0x00000007f9200000,0x00000007f9200000,0x00000007fc900000)
 ParOldGen       total 349696K, used 196323K [0x0000000780000000, 0x0000000795580000, 0x00000007d5500000)
  object space 349696K, 56% used [0x0000000780000000,0x000000078bfb8c70,0x0000000795580000)
 PSPermGen       total 81408K, used 81407K [0x0000000770000000, 0x0000000774f80000, 0x0000000780000000)
  object space 81408K, 99% used [0x0000000770000000,0x0000000774f7ff18,0x0000000774f80000)
}
Event: 435.402 GC heap before
{Heap before GC invocations=23 (full 0):
 PSYoungGen      total 640000K, used 627447K [0x00000007d5500000, 0x0000000800000000, 0x0000000800000000)
  eden space 586752K, 100% used [0x00000007d5500000,0x00000007f9200000,0x00000007f9200000)
  from space 53248K, 76% used [0x00000007fcc00000,0x00000007ff3bddc8,0x0000000800000000)
  to   space 56320K, 0% used [0x00000007f9200000,0x00000007f9200000,0x00000007fc900000)
 ParOldGen       total 349696K, used 196323K [0x0000000780000000, 0x0000000795580000, 0x00000007d5500000)
  object space 349696K, 56% used [0x0000000780000000,0x000000078bfb8c70,0x0000000795580000)
 PSPermGen       total 81920K, used 81531K [0x0000000770000000, 0x0000000775000000, 0x0000000780000000)
  object space 81920K, 99% used [0x0000000770000000,0x0000000774f9edf8,0x0000000775000000)
Event: 435.422 GC heap after
Heap after GC invocations=23 (full 0):
 PSYoungGen      total 643072K, used 25363K [0x00000007d5500000, 0x00000007ffd00000, 0x0000000800000000)
  eden space 586752K, 0% used [0x00000007d5500000,0x00000007d5500000,0x00000007f9200000)
  from space 56320K, 45% used [0x00000007f9200000,0x00000007faac4df0,0x00000007fc900000)
  to   space 53248K, 0% used [0x00000007fc900000,0x00000007fc900000,0x00000007ffd00000)
 ParOldGen       total 349696K, used 199571K [0x0000000780000000, 0x0000000795580000, 0x00000007d5500000)
  object space 349696K, 57% used [0x0000000780000000,0x000000078c2e4d20,0x0000000795580000)
 PSPermGen       total 81920K, used 81531K [0x0000000770000000, 0x0000000775000000, 0x0000000780000000)
  object space 81920K, 99% used [0x0000000770000000,0x0000000774f9edf8,0x0000000775000000)
}
Event: 437.254 GC heap before
{Heap before GC invocations=24 (full 0):
 PSYoungGen      total 643072K, used 612115K [0x00000007d5500000, 0x00000007ffd00000, 0x0000000800000000)
  eden space 586752K, 100% used [0x00000007d5500000,0x00000007f9200000,0x00000007f9200000)
  from space 56320K, 45% used [0x00000007f9200000,0x00000007faac4df0,0x00000007fc900000)
  to   space 53248K, 0% used [0x00000007fc900000,0x00000007fc900000,0x00000007ffd00000)
 ParOldGen       total 349696K, used 199571K [0x0000000780000000, 0x0000000795580000, 0x00000007d5500000)
  object space 349696K, 57% used [0x0000000780000000,0x000000078c2e4d20,0x0000000795580000)
 PSPermGen       total 84480K, used 83995K [0x0000000770000000, 0x0000000775280000, 0x0000000780000000)
  object space 84480K, 99% used [0x0000000770000000,0x0000000775206e58,0x0000000775280000)
Event: 437.274 GC heap after
Heap after GC invocations=24 (full 0):
 PSYoungGen      total 640000K, used 21314K [0x00000007d5500000, 0x00000007ffa00000, 0x0000000800000000)
  eden space 589824K, 0% used [0x00000007d5500000,0x00000007d5500000,0x00000007f9500000)
  from space 50176K, 42% used [0x00000007fc900000,0x00000007fddd0a70,0x00000007ffa00000)
  to   space 51712K, 0% used [0x00000007f9500000,0x00000007f9500000,0x00000007fc780000)
 ParOldGen       total 349696K, used 203103K [0x0000000780000000, 0x0000000795580000, 0x00000007d5500000)
  object space 349696K, 58% used [0x0000000780000000,0x000000078c657d30,0x0000000795580000)
 PSPermGen       total 84480K, used 83995K [0x0000000770000000, 0x0000000775280000, 0x0000000780000000)
  object space 84480K, 99% used [0x0000000770000000,0x0000000775206e58,0x0000000775280000)
}
Event: 438.239 GC heap before
{Heap before GC invocations=25 (full 0):
 PSYoungGen      total 640000K, used 611138K [0x00000007d5500000, 0x00000007ffa00000, 0x0000000800000000)
  eden space 589824K, 100% used [0x00000007d5500000,0x00000007f9500000,0x00000007f9500000)
  from space 50176K, 42% used [0x00000007fc900000,0x00000007fddd0a70,0x00000007ffa00000)
  to   space 51712K, 0% used [0x00000007f9500000,0x00000007f9500000,0x00000007fc780000)
 ParOldGen       total 349696K, used 203103K [0x0000000780000000, 0x0000000795580000, 0x00000007d5500000)
  object space 349696K, 58% used [0x0000000780000000,0x000000078c657d30,0x0000000795580000)
 PSPermGen       total 84480K, used 84444K [0x0000000770000000, 0x0000000775280000, 0x0000000780000000)
  object space 84480K, 99% used [0x0000000770000000,0x00000007752773a8,0x0000000775280000)
Event: 438.273 GC heap after
Heap after GC invocations=25 (full 0):
 PSYoungGen      total 641536K, used 16800K [0x00000007d5500000, 0x00000007ffe80000, 0x0000000800000000)
  eden space 589824K, 0% used [0x00000007d5500000,0x00000007d5500000,0x00000007f9500000)
  from space 51712K, 32% used [0x00000007f9500000,0x00000007fa568058,0x00000007fc780000)
  to   space 50176K, 0% used [0x00000007fcd80000,0x00000007fcd80000,0x00000007ffe80000)
 ParOldGen       total 349696K, used 223771K [0x0000000780000000, 0x0000000795580000, 0x00000007d5500000)
  object space 349696K, 63% used [0x0000000780000000,0x000000078da86ec0,0x0000000795580000)
 PSPermGen       total 84480K, used 84444K [0x0000000770000000, 0x0000000775280000, 0x0000000780000000)
  object space 84480K, 99% used [0x0000000770000000,0x00000007752773a8,0x0000000775280000)
}
Event: 456.534 GC heap before
{Heap before GC invocations=26 (full 0):
 PSYoungGen      total 641536K, used 606624K [0x00000007d5500000, 0x00000007ffe80000, 0x0000000800000000)
  eden space 589824K, 100% used [0x00000007d5500000,0x00000007f9500000,0x00000007f9500000)
  from space 51712K, 32% used [0x00000007f9500000,0x00000007fa568058,0x00000007fc780000)
  to   space 50176K, 0% used [0x00000007fcd80000,0x00000007fcd80000,0x00000007ffe80000)
 ParOldGen       total 349696K, used 223771K [0x0000000780000000, 0x0000000795580000, 0x00000007d5500000)
  object space 349696K, 63% used [0x0000000780000000,0x000000078da86ec0,0x0000000795580000)
 PSPermGen       total 84992K, used 84868K [0x0000000770000000, 0x0000000775300000, 0x0000000780000000)
  object space 84992K, 99% used [0x0000000770000000,0x00000007752e11f8,0x0000000775300000)
Event: 456.576 GC heap after
Heap after GC invocations=26 (full 0):
 PSYoungGen      total 647168K, used 32542K [0x00000007d5500000, 0x00000007fff80000, 0x0000000800000000)
  eden space 596992K, 0% used [0x00000007d5500000,0x00000007d5500000,0x00000007f9c00000)
  from space 50176K, 64% used [0x00000007fcd80000,0x00000007fed47880,0x00000007ffe80000)
  to   space 50688K, 0% used [0x00000007f9c00000,0x00000007f9c00000,0x00000007fcd80000)
 ParOldGen       total 349696K, used 230916K [0x0000000780000000, 0x0000000795580000, 0x00000007d5500000)
  object space 349696K, 66% used [0x0000000780000000,0x000000078e1813d0,0x0000000795580000)
 PSPermGen       total 84992K, used 84868K [0x0000000770000000, 0x0000000775300000, 0x0000000780000000)
  object space 84992K, 99% used [0x0000000770000000,0x00000007752e11f8,0x0000000775300000)
}

